[1bat.bunbohue.online/vietviet.html]
[backblue.gif]
[fade.gif]
[index.html]
[w.ladicdn.com_443/5b80bae280c18044b11eada8/untitled-1-20191220170505.jpg]
[w.ladicdn.com/v2/source/ladipage.min8697.js]
[w.ladicdn.com/s750x500/5af25e5079c3a9d6356a70ce/pd-20200316065706.png]
[w.ladicdn.com/s600x550/5af25e5079c3a9d6356a70ce/mt-20200316070855.png]
[w.ladicdn.com/s500x400/5af25e5079c3a9d6356a70ce/95-20200316072859.png]
[w.ladicdn.com/s750x600/5af25e5079c3a9d6356a70ce/xkm-20200316072720.png]
[img.youtube.com/vi/MRxCcmewP54/hqdefault.jpg]
[w.ladicdn.com/s550x600/5af25e5079c3a9d6356a70ce/moc-thanh-compressed-1562659315-20191106020444.jpg]
[w.ladicdn.com/s700x700/5af25e5079c3a9d6356a70ce/canh-dong-duoc-lieu-1566015441.jpg]
[w.ladicdn.com/s450x450/5af25e5079c3a9d6356a70ce/2-20200316062754.png]
[w.ladicdn.com/s450x350/5b80bae280c18044b11eada8/capture-1566990224-20200520082947.png]
[w.ladicdn.com/s750x400/5b80bae280c18044b11eada8/77-20200510040213-1-20200516075901-20200520080608.jpg]
[w.ladicdn.com/s450x750/5b80bae280c18044b11eada8/annotation-2020-05-20-163758-20200520093828.png]
[img.youtube.com/vi/GO2vlCWqGiM/hqdefault.jpg]
[w.ladicdn.com/s700x600/5b80bae280c18044b11eada8/annotation-2020-05-20-171327-20200520101359.png]
[w.ladicdn.com/s700x600/5b80bae280c18044b11eada8/annotation-2020-05-20-171601-20200520101618.png]
[w.ladicdn.com/s700x550/5b80bae280c18044b11eada8/annotation-2020-05-20-172437-20200520104131.png]
[w.ladicdn.com/s700x450/5b80bae280c18044b11eada8/annotation-2020-05-20-174306-20200520104324.png]
[img.youtube.com/vi/MJt9W19kbfU/hqdefault.jpg]
[w.ladicdn.com/s750x750/5b80bae280c18044b11eada8/annotation-2020-05-20-175945-20200520110019.png]
[w.ladicdn.com/s750x800/5b80bae280c18044b11eada8/annotation-2020-05-20-180139-20200523065221.png]
[w.ladicdn.com/s700x450/5b80bae280c18044b11eada8/annotation-2020-05-23-140210-20200523070229.png]
[w.ladicdn.com/s750x750/5b80bae280c18044b11eada8/annotation-2020-05-23-135339-20200523065554.png]
[w.ladicdn.com/s700x550/5b80bae280c18044b11eada8/annotation-2020-05-23-140417-20200523070716.png]
[w.ladicdn.com/s700x850/5b80bae280c18044b11eada8/annotation-2020-05-23-140847-20200523070904.png]
[w.ladicdn.com/s700x800/5b80bae280c18044b11eada8/annotation-2020-05-23-141256-20200523071308.png]
[w.ladicdn.com/s700x750/5b80bae280c18044b11eada8/annotation-2020-05-23-141105-20200523071117.png]
[w.ladicdn.com/s450x450/5b80bae280c18044b11eada8/chung-nhan-cua-bo-y-te-1484538464-1542132723-1552194046-1557758622-20191206015153-20191209182957.png]
[w.ladicdn.com/s700x600/5b80bae280c18044b11eada8/annotation-2020-05-23-143112-20200523073147.png]
[img.youtube.com/vi/p19uWZnZDkM/hqdefault.jpg]
[img.youtube.com/vi/GiQWShTSYRQ/hqdefault.jpg]
[w.ladicdn.com/s700x850/5b80bae280c18044b11eada8/annotation-2020-05-23-144130-20200523074142.png]
[w.ladicdn.com/s750x650/5b80bae280c18044b11eada8/annotation-2020-05-23-144236-20200523074314.png]
[connect.facebook.net/en_US/fbevents.js]
[apihelper.host/facebook_helper.js]
[w.ladicdn.com_443/s200x200/5aacc8a1df7952e462b63813/myface-1540522350.jpg]
[w.ladicdn.com_443/s200x200/5aacc8a1df7952e462b63813/1-1538709884.png]
[w.ladicdn.com_443/s200x200/5aacc8a1df7952e462b63813/tai-xuong-5--1540522350.jpg]
[w.ladicdn.com_443/s200x200/5aacc8a1df7952e462b63813/tai-xuong-4--1540522350.jpg]
[w.ladicdn.com_443/s200x200/5aacc8a1df7952e462b63813/woman-chup-500_tquo-1540522350.jpg]
[w.ladicdn.com_443/s200x200/5aacc8a1df7952e462b63813/images-10--1540522350.jpg]
[w.ladicdn.com_443/s200x200/5aacc8a1df7952e462b63813/3-1540522766.jpg]
[w.ladicdn.com_443/s200x200/5aacc8a1df7952e462b63813/images-11--1540522350.jpg]
[w.ladicdn.com_443/s200x200/5aacc8a1df7952e462b63813/images-13--1540522350.jpg]
[w.ladicdn.com_443/s200x200/5aacc8a1df7952e462b63813/5-1540522766.jpg]
[w.ladicdn.com_443/s200x200/5aacc8a1df7952e462b63813/1-1540522766.jpg]
[1bat.bunbohue.online/vietviet.html]
[connect.facebook.net/en_US/fbevents.js]
[w.ladicdn.com/v2/source/ladipage.min8697.css]
[1bat.bunbohue.online/POST.html]
[1bat.bunbohue.online/POST.html]
